<?xml version="1.0" encoding="UTF-8"?>
<testng-results ignored="0" total="1" passed="1" failed="0" skipped="0">
  <reporter-output>
  </reporter-output>
  <suite started-at="2024-12-19T00:54:06 IST" name="Default suite" finished-at="2024-12-19T00:54:32 IST" duration-ms="26401">
    <groups>
    </groups>
    <test started-at="2024-12-19T00:54:06 IST" name="Default test" finished-at="2024-12-19T00:54:32 IST" duration-ms="26401">
      <class name="graceboutiquetests.GraceBoutiqueTest">
        <test-method is-config="true" signature="setUp()[pri:0, instance:graceboutiquetests.GraceBoutiqueTest@4310d43]" started-at="2024-12-19T00:54:06 IST" name="setUp" finished-at="2024-12-19T00:54:13 IST" duration-ms="6882" status="PASS">
          <reporter-output>
          </reporter-output>
        </test-method> <!-- setUp -->
        <test-method signature="GBTest()[pri:0, instance:graceboutiquetests.GraceBoutiqueTest@4310d43]" started-at="2024-12-19T00:54:13 IST" name="GBTest" finished-at="2024-12-19T00:54:32 IST" duration-ms="19423" status="PASS">
          <reporter-output>
          </reporter-output>
        </test-method> <!-- GBTest -->
      </class> <!-- graceboutiquetests.GraceBoutiqueTest -->
    </test> <!-- Default test -->
  </suite> <!-- Default suite -->
</testng-results>
